# JRE version: Java(TM) SE Runtime Environment (8.0_144-b01) (build 1.8.0_144-b01)
# Java VM: Java HotSpot(TM) 64-Bit Server VM (25.144-b01 mixed mode linux-amd64 compressed oops)
Heap:
 PSYoungGen      total 415232K, used 15853K [0x00000000d6e00000, 0x00000000f1380000, 0x0000000100000000)
  eden space 399360K, 0% used [0x00000000d6e00000,0x00000000d6e00000,0x00000000ef400000)
  from space 15872K, 99% used [0x00000000ef400000,0x00000000f037b588,0x00000000f0380000)
  to   space 15360K, 0% used [0x00000000f0380000,0x00000000f0380000,0x00000000f1280000)
 ParOldGen       total 84992K, used 64664K [0x0000000084a00000, 0x0000000089d00000, 0x00000000d6e00000)
  object space 84992K, 76% used [0x0000000084a00000,0x0000000088926010,0x0000000089d00000)
 Metaspace       used 14757K, capacity 14912K, committed 15232K, reserved 1062912K
  class space    used 1771K, capacity 1832K, committed 1920K, reserved 1048576K
GC Heap History (10 events):
Event: 110.065 GC heap after
Heap after GC invocations=12 (full 0):
 PSYoungGen      total 163328K, used 5951K [0x00000000d6e00000, 0x00000000e1600000, 0x0000000100000000)
  eden space 156160K, 0% used [0x00000000d6e00000,0x00000000d6e00000,0x00000000e0680000)
  from space 7168K, 83% used [0x00000000e0e00000,0x00000000e13cfcf8,0x00000000e1500000)
  to   space 7680K, 0% used [0x00000000e0680000,0x00000000e0680000,0x00000000e0e00000)
 ParOldGen       total 84992K, used 17236K [0x0000000084a00000, 0x0000000089d00000, 0x00000000d6e00000)
  object space 84992K, 20% used [0x0000000084a00000,0x0000000085ad5388,0x0000000089d00000)
 Metaspace       used 14748K, capacity 14912K, committed 15232K, reserved 1062912K
  class space    used 1771K, capacity 1832K, committed 1920K, reserved 1048576K
}
Event: 110.868 GC heap before
{Heap before GC invocations=13 (full 0):
 PSYoungGen      total 163328K, used 162111K [0x00000000d6e00000, 0x00000000e1600000, 0x0000000100000000)
  eden space 156160K, 100% used [0x00000000d6e00000,0x00000000e0680000,0x00000000e0680000)
  from space 7168K, 83% used [0x00000000e0e00000,0x00000000e13cfcf8,0x00000000e1500000)
  to   space 7680K, 0% used [0x00000000e0680000,0x00000000e0680000,0x00000000e0e00000)
 ParOldGen       total 84992K, used 17236K [0x0000000084a00000, 0x0000000089d00000, 0x00000000d6e00000)
  object space 84992K, 20% used [0x0000000084a00000,0x0000000085ad5388,0x0000000089d00000)
 Metaspace       used 14754K, capacity 14912K, committed 15232K, reserved 1062912K
  class space    used 1771K, capacity 1832K, committed 1920K, reserved 1048576K
Event: 110.884 GC heap after
Heap after GC invocations=13 (full 0):
 PSYoungGen      total 163840K, used 7678K [0x00000000d6e00000, 0x00000000e7700000, 0x0000000100000000)
  eden space 156160K, 0% used [0x00000000d6e00000,0x00000000d6e00000,0x00000000e0680000)
  from space 7680K, 99% used [0x00000000e0680000,0x00000000e0dffb68,0x00000000e0e00000)
  to   space 10752K, 0% used [0x00000000e6c80000,0x00000000e6c80000,0x00000000e7700000)
 ParOldGen       total 84992K, used 22794K [0x0000000084a00000, 0x0000000089d00000, 0x00000000d6e00000)
  object space 84992K, 26% used [0x0000000084a00000,0x0000000086042b98,0x0000000089d00000)
 Metaspace       used 14754K, capacity 14912K, committed 15232K, reserved 1062912K
  class space    used 1771K, capacity 1832K, committed 1920K, reserved 1048576K
}
Event: 111.586 GC heap before
{Heap before GC invocations=14 (full 0):
 PSYoungGen      total 163840K, used 163838K [0x00000000d6e00000, 0x00000000e7700000, 0x0000000100000000)
  eden space 156160K, 100% used [0x00000000d6e00000,0x00000000e0680000,0x00000000e0680000)
  from space 7680K, 99% used [0x00000000e0680000,0x00000000e0dffb68,0x00000000e0e00000)
  to   space 10752K, 0% used [0x00000000e6c80000,0x00000000e6c80000,0x00000000e7700000)
 ParOldGen       total 84992K, used 22794K [0x0000000084a00000, 0x0000000089d00000, 0x00000000d6e00000)
  object space 84992K, 26% used [0x0000000084a00000,0x0000000086042b98,0x0000000089d00000)
 Metaspace       used 14756K, capacity 14912K, committed 15232K, reserved 1062912K
  class space    used 1771K, capacity 1832K, committed 1920K, reserved 1048576K
Event: 111.598 GC heap after
Heap after GC invocations=14 (full 0):
 PSYoungGen      total 260608K, used 6336K [0x00000000d6e00000, 0x00000000e7700000, 0x0000000100000000)
  eden space 249856K, 0% used [0x00000000d6e00000,0x00000000d6e00000,0x00000000e6200000)
  from space 10752K, 58% used [0x00000000e6c80000,0x00000000e72b0000,0x00000000e7700000)
  to   space 10752K, 0% used [0x00000000e6200000,0x00000000e6200000,0x00000000e6c80000)
 ParOldGen       total 84992K, used 30497K [0x0000000084a00000, 0x0000000089d00000, 0x00000000d6e00000)
  object space 84992K, 35% used [0x0000000084a00000,0x00000000867c8700,0x0000000089d00000)
 Metaspace       used 14756K, capacity 14912K, committed 15232K, reserved 1062912K
  class space    used 1771K, capacity 1832K, committed 1920K, reserved 1048576K
}
Event: 112.701 GC heap before
{Heap before GC invocations=15 (full 0):
 PSYoungGen      total 260608K, used 256192K [0x00000000d6e00000, 0x00000000e7700000, 0x0000000100000000)
  eden space 249856K, 100% used [0x00000000d6e00000,0x00000000e6200000,0x00000000e6200000)
  from space 10752K, 58% used [0x00000000e6c80000,0x00000000e72b0000,0x00000000e7700000)
  to   space 10752K, 0% used [0x00000000e6200000,0x00000000e6200000,0x00000000e6c80000)
 ParOldGen       total 84992K, used 30497K [0x0000000084a00000, 0x0000000089d00000, 0x00000000d6e00000)
  object space 84992K, 35% used [0x0000000084a00000,0x00000000867c8700,0x0000000089d00000)
 Metaspace       used 14756K, capacity 14912K, committed 15232K, reserved 1062912K
  class space    used 1771K, capacity 1832K, committed 1920K, reserved 1048576K
Event: 112.727 GC heap after
Heap after GC invocations=15 (full 0):
 PSYoungGen      total 260608K, used 10750K [0x00000000d6e00000, 0x00000000f1280000, 0x0000000100000000)
  eden space 249856K, 0% used [0x00000000d6e00000,0x00000000d6e00000,0x00000000e6200000)
  from space 10752K, 99% used [0x00000000e6200000,0x00000000e6c7f910,0x00000000e6c80000)
  to   space 15360K, 0% used [0x00000000f0380000,0x00000000f0380000,0x00000000f1280000)
 ParOldGen       total 84992K, used 38697K [0x0000000084a00000, 0x0000000089d00000, 0x00000000d6e00000)
  object space 84992K, 45% used [0x0000000084a00000,0x0000000086fca700,0x0000000089d00000)
 Metaspace       used 14756K, capacity 14912K, committed 15232K, reserved 1062912K
  class space    used 1771K, capacity 1832K, committed 1920K, reserved 1048576K
}
Event: 113.929 GC heap before
{Heap before GC invocations=16 (full 0):
 PSYoungGen      total 260608K, used 260606K [0x00000000d6e00000, 0x00000000f1280000, 0x0000000100000000)
  eden space 249856K, 100% used [0x00000000d6e00000,0x00000000e6200000,0x00000000e6200000)
  from space 10752K, 99% used [0x00000000e6200000,0x00000000e6c7f910,0x00000000e6c80000)
  to   space 15360K, 0% used [0x00000000f0380000,0x00000000f0380000,0x00000000f1280000)
 ParOldGen       total 84992K, used 38697K [0x0000000084a00000, 0x0000000089d00000, 0x00000000d6e00000)
  object space 84992K, 45% used [0x0000000084a00000,0x0000000086fca700,0x0000000089d00000)
 Metaspace       used 14756K, capacity 14912K, committed 15232K, reserved 1062912K
  class space    used 1771K, capacity 1832K, committed 1920K, reserved 1048576K
Event: 113.955 GC heap after
Heap after GC invocations=16 (full 0):
 PSYoungGen      total 414720K, used 10208K [0x00000000d6e00000, 0x00000000f1380000, 0x0000000100000000)
  eden space 399360K, 0% used [0x00000000d6e00000,0x00000000d6e00000,0x00000000ef400000)
  from space 15360K, 66% used [0x00000000f0380000,0x00000000f0d78000,0x00000000f1280000)
  to   space 15872K, 0% used [0x00000000ef400000,0x00000000ef400000,0x00000000f0380000)
 ParOldGen       total 84992K, used 49464K [0x0000000084a00000, 0x0000000089d00000, 0x00000000d6e00000)
  object space 84992K, 58% used [0x0000000084a00000,0x0000000087a4e010,0x0000000089d00000)
 Metaspace       used 14756K, capacity 14912K, committed 15232K, reserved 1062912K
  class space    used 1771K, capacity 1832K, committed 1920K, reserved 1048576K
}
Event: 116.008 GC heap before
{Heap before GC invocations=17 (full 0):
 PSYoungGen      total 414720K, used 409568K [0x00000000d6e00000, 0x00000000f1380000, 0x0000000100000000)
  eden space 399360K, 100% used [0x00000000d6e00000,0x00000000ef400000,0x00000000ef400000)
  from space 15360K, 66% used [0x00000000f0380000,0x00000000f0d78000,0x00000000f1280000)
  to   space 15872K, 0% used [0x00000000ef400000,0x00000000ef400000,0x00000000f0380000)
 ParOldGen       total 84992K, used 49464K [0x0000000084a00000, 0x0000000089d00000, 0x00000000d6e00000)
  object space 84992K, 58% used [0x0000000084a00000,0x0000000087a4e010,0x0000000089d00000)
 Metaspace       used 14757K, capacity 14912K, committed 15232K, reserved 1062912K
  class space    used 1771K, capacity 1832K, committed 1920K, reserved 1048576K

