# JRE version: Java(TM) SE Runtime Environment (8.0_144-b01) (build 1.8.0_144-b01)
# Java VM: Java HotSpot(TM) 64-Bit Server VM (25.144-b01 mixed mode linux-amd64 compressed oops)
Heap:
 PSYoungGen      total 328192K, used 108513K [0x00000000d6e00000, 0x00000000f1880000, 0x0000000100000000)
  eden space 219648K, 0% used [0x00000000d6e00000,0x00000000d6e00000,0x00000000e4480000)
  from space 108544K, 99% used [0x00000000e4480000,0x00000000eae786b8,0x00000000eae80000)
  to   space 68096K, 0% used [0x00000000eb500000,0x00000000eb500000,0x00000000ef780000)
 ParOldGen       total 355328K, used 321772K [0x0000000084a00000, 0x000000009a500000, 0x00000000d6e00000)
  object space 355328K, 90% used [0x0000000084a00000,0x000000009843b080,0x000000009a500000)
 Metaspace       used 14558K, capacity 14712K, committed 14976K, reserved 1062912K
  class space    used 1768K, capacity 1832K, committed 1920K, reserved 1048576K
GC Heap History (10 events):
Event: 39.256 GC heap after
Heap after GC invocations=11 (full 1):
 PSYoungGen      total 222208K, used 33731K [0x00000000d6e00000, 0x00000000e9b80000, 0x0000000100000000)
  eden space 174080K, 0% used [0x00000000d6e00000,0x00000000d6e00000,0x00000000e1800000)
  from space 48128K, 70% used [0x00000000e5380000,0x00000000e7470c40,0x00000000e8280000)
  to   space 60928K, 0% used [0x00000000e1800000,0x00000000e1800000,0x00000000e5380000)
 ParOldGen       total 140288K, used 84687K [0x0000000084a00000, 0x000000008d300000, 0x00000000d6e00000)
  object space 140288K, 60% used [0x0000000084a00000,0x0000000089cb3c48,0x000000008d300000)
 Metaspace       used 14556K, capacity 14712K, committed 14976K, reserved 1062912K
  class space    used 1768K, capacity 1832K, committed 1920K, reserved 1048576K
}
Event: 39.394 GC heap before
{Heap before GC invocations=12 (full 1):
 PSYoungGen      total 222208K, used 207811K [0x00000000d6e00000, 0x00000000e9b80000, 0x0000000100000000)
  eden space 174080K, 100% used [0x00000000d6e00000,0x00000000e1800000,0x00000000e1800000)
  from space 48128K, 70% used [0x00000000e5380000,0x00000000e7470c40,0x00000000e8280000)
  to   space 60928K, 0% used [0x00000000e1800000,0x00000000e1800000,0x00000000e5380000)
 ParOldGen       total 140288K, used 84687K [0x0000000084a00000, 0x000000008d300000, 0x00000000d6e00000)
  object space 140288K, 60% used [0x0000000084a00000,0x0000000089cb3c48,0x000000008d300000)
 Metaspace       used 14558K, capacity 14712K, committed 14976K, reserved 1062912K
  class space    used 1768K, capacity 1832K, committed 1920K, reserved 1048576K
Event: 39.506 GC heap after
Heap after GC invocations=12 (full 1):
 PSYoungGen      total 235008K, used 52342K [0x00000000d6e00000, 0x00000000ef780000, 0x0000000100000000)
  eden space 174080K, 0% used [0x00000000d6e00000,0x00000000d6e00000,0x00000000e1800000)
  from space 60928K, 85% used [0x00000000e1800000,0x00000000e4b1d860,0x00000000e5380000)
  to   space 68096K, 0% used [0x00000000eb500000,0x00000000eb500000,0x00000000ef780000)
 ParOldGen       total 140288K, used 118599K [0x0000000084a00000, 0x000000008d300000, 0x00000000d6e00000)
  object space 140288K, 84% used [0x0000000084a00000,0x000000008bdd1c48,0x000000008d300000)
 Metaspace       used 14558K, capacity 14712K, committed 14976K, reserved 1062912K
  class space    used 1768K, capacity 1832K, committed 1920K, reserved 1048576K
}
Event: 39.506 GC heap before
{Heap before GC invocations=13 (full 2):
 PSYoungGen      total 235008K, used 52342K [0x00000000d6e00000, 0x00000000ef780000, 0x0000000100000000)
  eden space 174080K, 0% used [0x00000000d6e00000,0x00000000d6e00000,0x00000000e1800000)
  from space 60928K, 85% used [0x00000000e1800000,0x00000000e4b1d860,0x00000000e5380000)
  to   space 68096K, 0% used [0x00000000eb500000,0x00000000eb500000,0x00000000ef780000)
 ParOldGen       total 140288K, used 118599K [0x0000000084a00000, 0x000000008d300000, 0x00000000d6e00000)
  object space 140288K, 84% used [0x0000000084a00000,0x000000008bdd1c48,0x000000008d300000)
 Metaspace       used 14558K, capacity 14712K, committed 14976K, reserved 1062912K
  class space    used 1768K, capacity 1832K, committed 1920K, reserved 1048576K
Event: 40.182 GC heap after
Heap after GC invocations=13 (full 2):
 PSYoungGen      total 235008K, used 21975K [0x00000000d6e00000, 0x00000000ef780000, 0x0000000100000000)
  eden space 174080K, 0% used [0x00000000d6e00000,0x00000000d6e00000,0x00000000e1800000)
  from space 60928K, 36% used [0x00000000e1800000,0x00000000e2d75e10,0x00000000e5380000)
  to   space 68096K, 0% used [0x00000000eb500000,0x00000000eb500000,0x00000000ef780000)
 ParOldGen       total 226304K, used 140184K [0x0000000084a00000, 0x0000000092700000, 0x00000000d6e00000)
  object space 226304K, 61% used [0x0000000084a00000,0x000000008d2e6290,0x0000000092700000)
 Metaspace       used 14558K, capacity 14712K, committed 14976K, reserved 1062912K
  class space    used 1768K, capacity 1832K, committed 1920K, reserved 1048576K
}
Event: 42.084 GC heap before
{Heap before GC invocations=14 (full 2):
 PSYoungGen      total 235008K, used 196055K [0x00000000d6e00000, 0x00000000ef780000, 0x0000000100000000)
  eden space 174080K, 100% used [0x00000000d6e00000,0x00000000e1800000,0x00000000e1800000)
  from space 60928K, 36% used [0x00000000e1800000,0x00000000e2d75e10,0x00000000e5380000)
  to   space 68096K, 0% used [0x00000000eb500000,0x00000000eb500000,0x00000000ef780000)
 ParOldGen       total 226304K, used 140184K [0x0000000084a00000, 0x0000000092700000, 0x00000000d6e00000)
  object space 226304K, 61% used [0x0000000084a00000,0x000000008d2e6290,0x0000000092700000)
 Metaspace       used 14558K, capacity 14712K, committed 14976K, reserved 1062912K
  class space    used 1768K, capacity 1832K, committed 1920K, reserved 1048576K
Event: 45.063 GC heap after
Heap after GC invocations=14 (full 2):
 PSYoungGen      total 287744K, used 68065K [0x00000000d6e00000, 0x00000000f1880000, 0x0000000100000000)
  eden space 219648K, 0% used [0x00000000d6e00000,0x00000000d6e00000,0x00000000e4480000)
  from space 68096K, 99% used [0x00000000eb500000,0x00000000ef778480,0x00000000ef780000)
  to   space 108544K, 0% used [0x00000000e4480000,0x00000000e4480000,0x00000000eae80000)
 ParOldGen       total 226304K, used 217752K [0x0000000084a00000, 0x0000000092700000, 0x00000000d6e00000)
  object space 226304K, 96% used [0x0000000084a00000,0x0000000091ea6290,0x0000000092700000)
 Metaspace       used 14558K, capacity 14712K, committed 14976K, reserved 1062912K
  class space    used 1768K, capacity 1832K, committed 1920K, reserved 1048576K
}
Event: 45.063 GC heap before
{Heap before GC invocations=15 (full 3):
 PSYoungGen      total 287744K, used 68065K [0x00000000d6e00000, 0x00000000f1880000, 0x0000000100000000)
  eden space 219648K, 0% used [0x00000000d6e00000,0x00000000d6e00000,0x00000000e4480000)
  from space 68096K, 99% used [0x00000000eb500000,0x00000000ef778480,0x00000000ef780000)
  to   space 108544K, 0% used [0x00000000e4480000,0x00000000e4480000,0x00000000eae80000)
 ParOldGen       total 226304K, used 217752K [0x0000000084a00000, 0x0000000092700000, 0x00000000d6e00000)
  object space 226304K, 96% used [0x0000000084a00000,0x0000000091ea6290,0x0000000092700000)
 Metaspace       used 14558K, capacity 14712K, committed 14976K, reserved 1062912K
  class space    used 1768K, capacity 1832K, committed 1920K, reserved 1048576K
Event: 47.770 GC heap after
Heap after GC invocations=15 (full 3):
 PSYoungGen      total 287744K, used 46515K [0x00000000d6e00000, 0x00000000f1880000, 0x0000000100000000)
  eden space 219648K, 0% used [0x00000000d6e00000,0x00000000d6e00000,0x00000000e4480000)
  from space 68096K, 68% used [0x00000000eb500000,0x00000000ee26ce70,0x00000000ef780000)
  to   space 108544K, 0% used [0x00000000e4480000,0x00000000e4480000,0x00000000eae80000)
 ParOldGen       total 355328K, used 226292K [0x0000000084a00000, 0x000000009a500000, 0x00000000d6e00000)
  object space 355328K, 63% used [0x0000000084a00000,0x00000000926fd080,0x000000009a500000)
 Metaspace       used 14558K, capacity 14712K, committed 14976K, reserved 1062912K
  class space    used 1768K, capacity 1832K, committed 1920K, reserved 1048576K
}
Event: 48.312 GC heap before
{Heap before GC invocations=16 (full 3):
 PSYoungGen      total 287744K, used 266163K [0x00000000d6e00000, 0x00000000f1880000, 0x0000000100000000)
  eden space 219648K, 100% used [0x00000000d6e00000,0x00000000e4480000,0x00000000e4480000)
  from space 68096K, 68% used [0x00000000eb500000,0x00000000ee26ce70,0x00000000ef780000)
  to   space 108544K, 0% used [0x00000000e4480000,0x00000000e4480000,0x00000000eae80000)
 ParOldGen       total 355328K, used 226292K [0x0000000084a00000, 0x000000009a500000, 0x00000000d6e00000)
  object space 355328K, 63% used [0x0000000084a00000,0x00000000926fd080,0x000000009a500000)
 Metaspace       used 14558K, capacity 14712K, committed 14976K, reserved 1062912K
  class space    used 1768K, capacity 1832K, committed 1920K, reserved 1048576K

