# JRE version: Java(TM) SE Runtime Environment (8.0_144-b01) (build 1.8.0_144-b01)
# Java VM: Java HotSpot(TM) 64-Bit Server VM (25.144-b01 mixed mode linux-amd64 compressed oops)
Heap:
 PSYoungGen      total 337408K, used 71068K [0x00000000d6e00000, 0x0000000100000000, 0x0000000100000000)
  eden space 174592K, 0% used [0x00000000d6e00000,0x00000000d6e00000,0x00000000e1880000)
  from space 162816K, 43% used [0x00000000e1880000,0x00000000e5de70b0,0x00000000eb780000)
  to   space 220672K, 0% used [0x00000000f2880000,0x00000000f2880000,0x0000000100000000)
 ParOldGen       total 475136K, used 474793K [0x0000000084a00000, 0x00000000a1a00000, 0x00000000d6e00000)
  object space 475136K, 99% used [0x0000000084a00000,0x00000000a19aa728,0x00000000a1a00000)
 Metaspace       used 14345K, capacity 14532K, committed 14720K, reserved 1062912K
  class space    used 1767K, capacity 1832K, committed 1920K, reserved 1048576K
GC Heap History (10 events):
Event: 25.563 GC heap after
Heap after GC invocations=11 (full 3):
 PSYoungGen      total 236032K, used 73376K [0x00000000d6e00000, 0x00000000ec600000, 0x0000000100000000)
  eden space 142848K, 0% used [0x00000000d6e00000,0x00000000d6e00000,0x00000000df980000)
  from space 93184K, 78% used [0x00000000e5c80000,0x00000000ea428000,0x00000000eb780000)
  to   space 101376K, 0% used [0x00000000df980000,0x00000000df980000,0x00000000e5c80000)
 ParOldGen       total 318976K, used 198779K [0x0000000084a00000, 0x0000000098180000, 0x00000000d6e00000)
  object space 318976K, 62% used [0x0000000084a00000,0x0000000090c1eff0,0x0000000098180000)
 Metaspace       used 14345K, capacity 14532K, committed 14720K, reserved 1062912K
  class space    used 1767K, capacity 1832K, committed 1920K, reserved 1048576K
}
Event: 25.656 GC heap before
{Heap before GC invocations=12 (full 3):
 PSYoungGen      total 236032K, used 216224K [0x00000000d6e00000, 0x00000000ec600000, 0x0000000100000000)
  eden space 142848K, 100% used [0x00000000d6e00000,0x00000000df980000,0x00000000df980000)
  from space 93184K, 78% used [0x00000000e5c80000,0x00000000ea428000,0x00000000eb780000)
  to   space 101376K, 0% used [0x00000000df980000,0x00000000df980000,0x00000000e5c80000)
 ParOldGen       total 318976K, used 198779K [0x0000000084a00000, 0x0000000098180000, 0x00000000d6e00000)
  object space 318976K, 62% used [0x0000000084a00000,0x0000000090c1eff0,0x0000000098180000)
 Metaspace       used 14345K, capacity 14532K, committed 14720K, reserved 1062912K
  class space    used 1767K, capacity 1832K, committed 1920K, reserved 1048576K
Event: 25.990 GC heap after
Heap after GC invocations=12 (full 3):
 PSYoungGen      total 244224K, used 101345K [0x00000000d6e00000, 0x00000000f4900000, 0x0000000100000000)
  eden space 142848K, 0% used [0x00000000d6e00000,0x00000000d6e00000,0x00000000df980000)
  from space 101376K, 99% used [0x00000000df980000,0x00000000e5c78480,0x00000000e5c80000)
  to   space 148992K, 0% used [0x00000000eb780000,0x00000000eb780000,0x00000000f4900000)
 ParOldGen       total 318976K, used 273195K [0x0000000084a00000, 0x0000000098180000, 0x00000000d6e00000)
  object space 318976K, 85% used [0x0000000084a00000,0x00000000954caff0,0x0000000098180000)
 Metaspace       used 14345K, capacity 14532K, committed 14720K, reserved 1062912K
  class space    used 1767K, capacity 1832K, committed 1920K, reserved 1048576K
}
Event: 25.990 GC heap before
{Heap before GC invocations=13 (full 4):
 PSYoungGen      total 244224K, used 101345K [0x00000000d6e00000, 0x00000000f4900000, 0x0000000100000000)
  eden space 142848K, 0% used [0x00000000d6e00000,0x00000000d6e00000,0x00000000df980000)
  from space 101376K, 99% used [0x00000000df980000,0x00000000e5c78480,0x00000000e5c80000)
  to   space 148992K, 0% used [0x00000000eb780000,0x00000000eb780000,0x00000000f4900000)
 ParOldGen       total 318976K, used 273195K [0x0000000084a00000, 0x0000000098180000, 0x00000000d6e00000)
  object space 318976K, 85% used [0x0000000084a00000,0x00000000954caff0,0x0000000098180000)
 Metaspace       used 14345K, capacity 14532K, committed 14720K, reserved 1062912K
  class space    used 1767K, capacity 1832K, committed 1920K, reserved 1048576K
Event: 26.966 GC heap after
Heap after GC invocations=13 (full 4):
 PSYoungGen      total 244224K, used 42935K [0x00000000d6e00000, 0x00000000f4900000, 0x0000000100000000)
  eden space 142848K, 0% used [0x00000000d6e00000,0x00000000d6e00000,0x00000000df980000)
  from space 101376K, 42% used [0x00000000df980000,0x00000000e236dc70,0x00000000e5c80000)
  to   space 148992K, 0% used [0x00000000eb780000,0x00000000eb780000,0x00000000f4900000)
 ParOldGen       total 475136K, used 318578K [0x0000000084a00000, 0x00000000a1a00000, 0x00000000d6e00000)
  object space 475136K, 67% used [0x0000000084a00000,0x000000009811cae0,0x00000000a1a00000)
 Metaspace       used 14345K, capacity 14532K, committed 14720K, reserved 1062912K
  class space    used 1767K, capacity 1832K, committed 1920K, reserved 1048576K
}
Event: 27.053 GC heap before
{Heap before GC invocations=14 (full 4):
 PSYoungGen      total 244224K, used 158140K [0x00000000d6e00000, 0x00000000f4900000, 0x0000000100000000)
  eden space 142848K, 80% used [0x00000000d6e00000,0x00000000dde813c8,0x00000000df980000)
  from space 101376K, 42% used [0x00000000df980000,0x00000000e236dc70,0x00000000e5c80000)
  to   space 148992K, 0% used [0x00000000eb780000,0x00000000eb780000,0x00000000f4900000)
 ParOldGen       total 475136K, used 318578K [0x0000000084a00000, 0x00000000a1a00000, 0x00000000d6e00000)
  object space 475136K, 67% used [0x0000000084a00000,0x000000009811cae0,0x00000000a1a00000)
 Metaspace       used 14345K, capacity 14532K, committed 14720K, reserved 1062912K
  class space    used 1767K, capacity 1832K, committed 1920K, reserved 1048576K
Event: 27.336 GC heap after
Heap after GC invocations=14 (full 4):
 PSYoungGen      total 323584K, used 119712K [0x00000000d6e00000, 0x00000000f5f00000, 0x0000000100000000)
  eden space 174592K, 0% used [0x00000000d6e00000,0x00000000d6e00000,0x00000000e1880000)
  from space 148992K, 80% used [0x00000000eb780000,0x00000000f2c68000,0x00000000f4900000)
  to   space 162816K, 0% used [0x00000000e1880000,0x00000000e1880000,0x00000000eb780000)
 ParOldGen       total 475136K, used 318578K [0x0000000084a00000, 0x00000000a1a00000, 0x00000000d6e00000)
  object space 475136K, 67% used [0x0000000084a00000,0x000000009811cae0,0x00000000a1a00000)
 Metaspace       used 14345K, capacity 14532K, committed 14720K, reserved 1062912K
  class space    used 1767K, capacity 1832K, committed 1920K, reserved 1048576K
}
Event: 27.446 GC heap before
{Heap before GC invocations=15 (full 4):
 PSYoungGen      total 323584K, used 294304K [0x00000000d6e00000, 0x00000000f5f00000, 0x0000000100000000)
  eden space 174592K, 100% used [0x00000000d6e00000,0x00000000e1880000,0x00000000e1880000)
  from space 148992K, 80% used [0x00000000eb780000,0x00000000f2c68000,0x00000000f4900000)
  to   space 162816K, 0% used [0x00000000e1880000,0x00000000e1880000,0x00000000eb780000)
 ParOldGen       total 475136K, used 318578K [0x0000000084a00000, 0x00000000a1a00000, 0x00000000d6e00000)
  object space 475136K, 67% used [0x0000000084a00000,0x000000009811cae0,0x00000000a1a00000)
 Metaspace       used 14345K, capacity 14532K, committed 14720K, reserved 1062912K
  class space    used 1767K, capacity 1832K, committed 1920K, reserved 1048576K
Event: 30.407 GC heap after
Heap after GC invocations=15 (full 4):
 PSYoungGen      total 337408K, used 162785K [0x00000000d6e00000, 0x0000000100000000, 0x0000000100000000)
  eden space 174592K, 0% used [0x00000000d6e00000,0x00000000d6e00000,0x00000000e1880000)
  from space 162816K, 99% used [0x00000000e1880000,0x00000000eb7786b8,0x00000000eb780000)
  to   space 220672K, 0% used [0x00000000f2880000,0x00000000f2880000,0x0000000100000000)
 ParOldGen       total 475136K, used 402506K [0x0000000084a00000, 0x00000000a1a00000, 0x00000000d6e00000)
  object space 475136K, 84% used [0x0000000084a00000,0x000000009d312ae0,0x00000000a1a00000)
 Metaspace       used 14345K, capacity 14532K, committed 14720K, reserved 1062912K
  class space    used 1767K, capacity 1832K, committed 1920K, reserved 1048576K
}
Event: 30.411 GC heap before
{Heap before GC invocations=16 (full 5):
 PSYoungGen      total 337408K, used 162785K [0x00000000d6e00000, 0x0000000100000000, 0x0000000100000000)
  eden space 174592K, 0% used [0x00000000d6e00000,0x00000000d6e00000,0x00000000e1880000)
  from space 162816K, 99% used [0x00000000e1880000,0x00000000eb7786b8,0x00000000eb780000)
  to   space 220672K, 0% used [0x00000000f2880000,0x00000000f2880000,0x0000000100000000)
 ParOldGen       total 475136K, used 402506K [0x0000000084a00000, 0x00000000a1a00000, 0x00000000d6e00000)
  object space 475136K, 84% used [0x0000000084a00000,0x000000009d312ae0,0x00000000a1a00000)
 Metaspace       used 14345K, capacity 14532K, committed 14720K, reserved 1062912K
  class space    used 1767K, capacity 1832K, committed 1920K, reserved 1048576K

